<?xml version="1.0" encoding="UTF-8"?>
<testsuite xmlns:xsi="http://www.w3.org/2001/XMLSchema-instance" xsi:noNamespaceSchemaLocation="https://maven.apache.org/surefire/maven-surefire-plugin/xsd/surefire-test-report-3.0.xsd" version="3.0" name="TestSuite" time="297.392" tests="30" errors="0" skipped="0" failures="4">
  <properties>
[...]
</properties>
  <testcase name="setup" classname="com.google.search.test.SearchTest" time="14.8">
    <system-out><![CDATA[...
... TestNG 6.14.3 by Cédric Beust (cedric@beust.com)
...

]]></system-out>
    <system-err><![CDATA[Starting ChromeDriver 85.0.4183.87 (cd6713ebf92fa1cacc0f1a598df280093af0c5d7-refs/branch-heads/4183@{#1689}) on port 10042
Only local connections are allowed.
Please see https://chromedriver.chromium.org/security-considerations for suggestions on keeping ChromeDriver safe.
ChromeDriver was started successfully.
oct 07, 2020 2:46:08 AM org.openqa.selenium.remote.ProtocolHandshake createSession
INFORMACIÓN: Detected dialect: W3C
]]></system-err>
  </testcase>
  <testcase name="setup" classname="com.google.search.test.SearchTest" time="9.951">
    <system-err><![CDATA[Starting ChromeDriver 85.0.4183.87 (cd6713ebf92fa1cacc0f1a598df280093af0c5d7-refs/branch-heads/4183@{#1689}) on port 30673
Only local connections are allowed.
Please see https://chromedriver.chromium.org/security-considerations for suggestions on keeping ChromeDriver safe.
ChromeDriver was started successfully.
oct 07, 2020 2:47:07 AM org.openqa.selenium.remote.ProtocolHandshake createSession
INFORMACIÓN: Detected dialect: W3C
]]></system-err>
  </testcase>
  <testcase name="setup" classname="com.google.search.test.SearchTest" time="10.039">
    <system-err><![CDATA[Starting ChromeDriver 85.0.4183.87 (cd6713ebf92fa1cacc0f1a598df280093af0c5d7-refs/branch-heads/4183@{#1689}) on port 7752
Only local connections are allowed.
Please see https://chromedriver.chromium.org/security-considerations for suggestions on keeping ChromeDriver safe.
ChromeDriver was started successfully.
oct 07, 2020 2:47:43 AM org.openqa.selenium.remote.ProtocolHandshake createSession
INFORMACIÓN: Detected dialect: W3C
]]></system-err>
  </testcase>
  <testcase name="setup" classname="com.google.search.test.SearchTest" time="9.431">
    <system-err><![CDATA[Starting ChromeDriver 85.0.4183.87 (cd6713ebf92fa1cacc0f1a598df280093af0c5d7-refs/branch-heads/4183@{#1689}) on port 12195
Only local connections are allowed.
Please see https://chromedriver.chromium.org/security-considerations for suggestions on keeping ChromeDriver safe.
ChromeDriver was started successfully.
oct 07, 2020 2:48:17 AM org.openqa.selenium.remote.ProtocolHandshake createSession
INFORMACIÓN: Detected dialect: W3C
]]></system-err>
  </testcase>
  <testcase name="setup" classname="com.google.search.test.SearchTest" time="8.803">
    <system-err><![CDATA[Starting ChromeDriver 85.0.4183.87 (cd6713ebf92fa1cacc0f1a598df280093af0c5d7-refs/branch-heads/4183@{#1689}) on port 36979
Only local connections are allowed.
Please see https://chromedriver.chromium.org/security-considerations for suggestions on keeping ChromeDriver safe.
ChromeDriver was started successfully.
oct 07, 2020 2:49:47 AM org.openqa.selenium.remote.ProtocolHandshake createSession
INFORMACIÓN: Detected dialect: W3C
]]></system-err>
  </testcase>
  <testcase name="setup" classname="com.google.search.test.SearchTest" time="10.303">
    <system-err><![CDATA[Starting ChromeDriver 85.0.4183.87 (cd6713ebf92fa1cacc0f1a598df280093af0c5d7-refs/branch-heads/4183@{#1689}) on port 23611
Only local connections are allowed.
Please see https://chromedriver.chromium.org/security-considerations for suggestions on keeping ChromeDriver safe.
ChromeDriver was started successfully.
oct 07, 2020 2:50:22 AM org.openqa.selenium.remote.ProtocolHandshake createSession
INFORMACIÓN: Detected dialect: W3C
]]></system-err>
  </testcase>
  <testcase name="search" classname="com.google.search.test.SearchTest" time="2.982">
    <system-err><![CDATA[log4j:WARN No appenders could be found for logger (com.google.search.bc.SearchBC).
log4j:WARN Please initialize the log4j system properly.
]]></system-err>
  </testcase>
  <testcase name="search" classname="com.google.search.test.SearchTest" time="6.362"/>
  <testcase name="search" classname="com.google.search.test.SearchTest" time="2.357"/>
  <testcase name="search" classname="com.google.search.test.SearchTest" time="33.025"/>
  <testcase name="search" classname="com.google.search.test.SearchTest" time="6.093"/>
  <testcase name="search" classname="com.google.search.test.SearchTest" time="2.325"/>
  <testcase name="clickElementSearched" classname="com.google.search.test.SearchTest" time="30.093">
    <failure message="First element   expected [] but found [The Name of the Wind - Wikipedia]" type="java.lang.AssertionError"><![CDATA[java.lang.AssertionError: First element   expected [] but found [The Name of the Wind - Wikipedia]
	at com.google.search.test.SearchTest.clickElementSearched(SearchTest.java:93)
]]></failure>
  </testcase>
  <testcase name="clickElementSearched" classname="com.google.search.test.SearchTest" time="2.781">
    <failure message="First element   expected [The Name of the Wind - Wikipedia] but found [The Name of the Wind - Patrick Rothfuss]" type="java.lang.AssertionError"><![CDATA[java.lang.AssertionError: First element   expected [The Name of the Wind - Wikipedia] but found [The Name of the Wind - Patrick Rothfuss]
	at com.google.search.test.SearchTest.clickElementSearched(SearchTest.java:93)
]]></failure>
  </testcase>
  <testcase name="clickElementSearched" classname="com.google.search.test.SearchTest" time="5.279">
    <failure message="First element   expected [The Name of the Wind - Wikipedia] but found [The Name of the Wind - Patrick Rothfuss]" type="java.lang.AssertionError"><![CDATA[java.lang.AssertionError: First element   expected [The Name of the Wind - Wikipedia] but found [The Name of the Wind - Patrick Rothfuss]
	at com.google.search.test.SearchTest.clickElementSearched(SearchTest.java:93)
]]></failure>
  </testcase>
  <testcase name="clickElementSearched" classname="com.google.search.test.SearchTest" time="30.996">
    <failure message="First element   expected [] but found [The Name of the Wind - Wikipedia]" type="java.lang.AssertionError"><![CDATA[java.lang.AssertionError: First element   expected [] but found [The Name of the Wind - Wikipedia]
	at com.google.search.test.SearchTest.clickElementSearched(SearchTest.java:93)
]]></failure>
  </testcase>
  <testcase name="clickElementSearched" classname="com.google.search.test.SearchTest" time="2.826"/>
  <testcase name="clickElementSearched" classname="com.google.search.test.SearchTest" time="3.874"/>
  <testcase name="clickAuthor" classname="com.google.search.test.SearchTest" time="15.771"/>
  <testcase name="clickAuthor" classname="com.google.search.test.SearchTest" time="15.054"/>
  <testcase name="clickAuthor" classname="com.google.search.test.SearchTest" time="15.081"/>
  <testcase name="clickAuthor" classname="com.google.search.test.SearchTest" time="15.458"/>
  <testcase name="clickAuthor" classname="com.google.search.test.SearchTest" time="15.816"/>
  <testcase name="clickAuthor" classname="com.google.search.test.SearchTest" time="15.505"/>
  <testcase name="stopAllDrivers" classname="com.google.search.test.SearchTest" time="1.093"/>
  <testcase name="stopAllDrivers" classname="com.google.search.test.SearchTest" time="1.287"/>
  <testcase name="stopAllDrivers" classname="com.google.search.test.SearchTest" time="1.23"/>
  <testcase name="stopAllDrivers" classname="com.google.search.test.SearchTest" time="1.049"/>
  <testcase name="stopAllDrivers" classname="com.google.search.test.SearchTest" time="1.251"/>
  <testcase name="stopAllDrivers" classname="com.google.search.test.SearchTest" time="1.715"/>
</testsuite>